<?xml version="1.0" encoding="UTF-8"?>
<testng-results ignored="0" total="1" passed="1" failed="0" skipped="0">
  <reporter-output>
  </reporter-output>
  <suite started-at="2023-01-25T19:28:13 IST" name="Default suite" finished-at="2023-01-25T19:28:20 IST" duration-ms="7399">
    <groups>
      <group name="regression">
        <method signature="LoginToVtigerTest.loginVtiegr()[pri:0, instance:Sample.LoginToVtigerTest@52b1beb6]" name="loginVtiegr" class="Sample.LoginToVtigerTest"/>
      </group> <!-- regression -->
    </groups>
    <test started-at="2023-01-25T19:28:13 IST" name="Default test" finished-at="2023-01-25T19:28:20 IST" duration-ms="7399">
      <class name="Sample.LoginToVtigerTest">
        <test-method is-config="true" signature="BS()[pri:0, instance:Sample.LoginToVtigerTest@52b1beb6]" started-at="2023-01-25T19:28:13 IST" name="BS" finished-at="2023-01-25T19:28:13 IST" duration-ms="8" status="PASS">
          <reporter-output>
          </reporter-output>
        </test-method> <!-- BS -->
        <test-method is-config="true" signature="BT()[pri:0, instance:Sample.LoginToVtigerTest@52b1beb6]" started-at="2023-01-25T19:28:13 IST" name="BT" finished-at="2023-01-25T19:28:13 IST" duration-ms="0" status="PASS">
          <reporter-output>
          </reporter-output>
        </test-method> <!-- BT -->
        <test-method is-config="true" signature="BC()[pri:0, instance:Sample.LoginToVtigerTest@52b1beb6]" started-at="2023-01-25T19:28:13 IST" name="BC" finished-at="2023-01-25T19:28:17 IST" duration-ms="3695" status="PASS">
          <reporter-output>
          </reporter-output>
        </test-method> <!-- BC -->
        <test-method is-config="true" signature="BM()[pri:0, instance:Sample.LoginToVtigerTest@52b1beb6]" started-at="2023-01-25T19:28:17 IST" name="BM" finished-at="2023-01-25T19:28:20 IST" duration-ms="3639" status="PASS">
          <reporter-output>
          </reporter-output>
        </test-method> <!-- BM -->
        <test-method signature="loginVtiegr()[pri:0, instance:Sample.LoginToVtigerTest@52b1beb6]" started-at="2023-01-25T19:28:20 IST" name="loginVtiegr" finished-at="2023-01-25T19:28:20 IST" duration-ms="11" status="PASS">
          <reporter-output>
          </reporter-output>
        </test-method> <!-- loginVtiegr -->
        <test-method is-config="true" signature="AM()[pri:0, instance:Sample.LoginToVtigerTest@52b1beb6]" started-at="2023-01-25T19:28:20 IST" name="AM" finished-at="2023-01-25T19:28:20 IST" duration-ms="0" status="PASS">
          <reporter-output>
          </reporter-output>
        </test-method> <!-- AM -->
        <test-method is-config="true" signature="AC()[pri:0, instance:Sample.LoginToVtigerTest@52b1beb6]" started-at="2023-01-25T19:28:20 IST" name="AC" finished-at="2023-01-25T19:28:20 IST" duration-ms="0" status="PASS">
          <reporter-output>
          </reporter-output>
        </test-method> <!-- AC -->
        <test-method is-config="true" signature="AT()[pri:0, instance:Sample.LoginToVtigerTest@52b1beb6]" started-at="2023-01-25T19:28:20 IST" name="AT" finished-at="2023-01-25T19:28:20 IST" duration-ms="0" status="PASS">
          <reporter-output>
          </reporter-output>
        </test-method> <!-- AT -->
        <test-method is-config="true" signature="AS()[pri:0, instance:Sample.LoginToVtigerTest@52b1beb6]" started-at="2023-01-25T19:28:20 IST" name="AS" finished-at="2023-01-25T19:28:20 IST" duration-ms="3" status="PASS">
          <reporter-output>
          </reporter-output>
        </test-method> <!-- AS -->
      </class> <!-- Sample.LoginToVtigerTest -->
    </test> <!-- Default test -->
  </suite> <!-- Default suite -->
</testng-results>
